{"/Users/mavericks/repos/jest-demo/task1.js": {"path":"/Users/mavericks/repos/jest-demo/task1.js","statementMap":{"0":{"start":{"line":2,"column":2},"end":{"line":8,"column":3}},"1":{"start":{"line":3,"column":4},"end":{"line":3,"column":71}},"2":{"start":{"line":4,"column":9},"end":{"line":8,"column":3}},"3":{"start":{"line":5,"column":4},"end":{"line":5,"column":71}},"4":{"start":{"line":7,"column":4},"end":{"line":7,"column":25}},"5":{"start":{"line":11,"column":0},"end":{"line":11,"column":34}}},"fnMap":{"0":{"name":"stringLength","decl":{"start":{"line":1,"column":9},"end":{"line":1,"column":21}},"loc":{"start":{"line":1,"column":30},"end":{"line":9,"column":1}},"line":1}},"branchMap":{"0":{"loc":{"start":{"line":2,"column":2},"end":{"line":8,"column":3}},"type":"if","locations":[{"start":{"line":2,"column":2},"end":{"line":8,"column":3}},{"start":{"line":4,"column":9},"end":{"line":8,"column":3}}],"line":2},"1":{"loc":{"start":{"line":4,"column":9},"end":{"line":8,"column":3}},"type":"if","locations":[{"start":{"line":4,"column":9},"end":{"line":8,"column":3}},{"start":{"line":6,"column":9},"end":{"line":8,"column":3}}],"line":4}},"s":{"0":7,"1":1,"2":6,"3":1,"4":5,"5":1},"f":{"0":7},"b":{"0":[1,6],"1":[1,5]},"_coverageSchema":"1a1c01bbd47fc00a2c39e90264f33305004495a9","hash":"5e1c1e40cfcb48bba204e839e8d7adec30308af9"}
,"/Users/mavericks/repos/jest-demo/task2.js": {"path":"/Users/mavericks/repos/jest-demo/task2.js","statementMap":{"0":{"start":{"line":2,"column":2},"end":{"line":2,"column":45}},"1":{"start":{"line":5,"column":0},"end":{"line":5,"column":35}}},"fnMap":{"0":{"name":"reverseString","decl":{"start":{"line":1,"column":9},"end":{"line":1,"column":22}},"loc":{"start":{"line":1,"column":31},"end":{"line":3,"column":1}},"line":1}},"branchMap":{},"s":{"0":6,"1":1},"f":{"0":6},"b":{},"_coverageSchema":"1a1c01bbd47fc00a2c39e90264f33305004495a9","hash":"6de2e3330933b6a1ffea1b8e0028e1a780c4cb82"}
,"/Users/mavericks/repos/jest-demo/task3.js": {"path":"/Users/mavericks/repos/jest-demo/task3.js","statementMap":{"0":{"start":{"line":3,"column":4},"end":{"line":3,"column":25}},"1":{"start":{"line":7,"column":4},"end":{"line":11,"column":5}},"2":{"start":{"line":8,"column":6},"end":{"line":8,"column":26}},"3":{"start":{"line":10,"column":6},"end":{"line":10,"column":19}},"4":{"start":{"line":12,"column":4},"end":{"line":12,"column":23}},"5":{"start":{"line":16,"column":4},"end":{"line":24,"column":5}},"6":{"start":{"line":17,"column":6},"end":{"line":21,"column":7}},"7":{"start":{"line":18,"column":8},"end":{"line":18,"column":28}},"8":{"start":{"line":20,"column":8},"end":{"line":20,"column":28}},"9":{"start":{"line":23,"column":6},"end":{"line":23,"column":19}},"10":{"start":{"line":25,"column":4},"end":{"line":25,"column":23}},"11":{"start":{"line":29,"column":4},"end":{"line":37,"column":5}},"12":{"start":{"line":30,"column":6},"end":{"line":34,"column":7}},"13":{"start":{"line":31,"column":8},"end":{"line":31,"column":28}},"14":{"start":{"line":33,"column":8},"end":{"line":33,"column":28}},"15":{"start":{"line":36,"column":6},"end":{"line":36,"column":19}},"16":{"start":{"line":38,"column":4},"end":{"line":38,"column":23}},"17":{"start":{"line":42,"column":4},"end":{"line":46,"column":5}},"18":{"start":{"line":43,"column":6},"end":{"line":43,"column":26}},"19":{"start":{"line":45,"column":6},"end":{"line":45,"column":19}},"20":{"start":{"line":47,"column":4},"end":{"line":47,"column":23}},"21":{"start":{"line":51,"column":18},"end":{"line":51,"column":53}},"22":{"start":{"line":52,"column":4},"end":{"line":52,"column":24}},"23":{"start":{"line":56,"column":0},"end":{"line":56,"column":32}}},"fnMap":{"0":{"name":"(anonymous_0)","decl":{"start":{"line":2,"column":2},"end":{"line":2,"column":3}},"loc":{"start":{"line":2,"column":22},"end":{"line":4,"column":3}},"line":2},"1":{"name":"(anonymous_1)","decl":{"start":{"line":6,"column":2},"end":{"line":6,"column":3}},"loc":{"start":{"line":6,"column":12},"end":{"line":13,"column":3}},"line":6},"2":{"name":"(anonymous_2)","decl":{"start":{"line":15,"column":2},"end":{"line":15,"column":3}},"loc":{"start":{"line":15,"column":17},"end":{"line":26,"column":3}},"line":15},"3":{"name":"(anonymous_3)","decl":{"start":{"line":28,"column":2},"end":{"line":28,"column":3}},"loc":{"start":{"line":28,"column":15},"end":{"line":39,"column":3}},"line":28},"4":{"name":"(anonymous_4)","decl":{"start":{"line":41,"column":2},"end":{"line":41,"column":3}},"loc":{"start":{"line":41,"column":17},"end":{"line":48,"column":3}},"line":41},"5":{"name":"(anonymous_5)","decl":{"start":{"line":50,"column":2},"end":{"line":50,"column":3}},"loc":{"start":{"line":50,"column":10},"end":{"line":53,"column":3}},"line":50}},"branchMap":{"0":{"loc":{"start":{"line":7,"column":4},"end":{"line":11,"column":5}},"type":"if","locations":[{"start":{"line":7,"column":4},"end":{"line":11,"column":5}},{"start":{"line":9,"column":11},"end":{"line":11,"column":5}}],"line":7},"1":{"loc":{"start":{"line":7,"column":8},"end":{"line":7,"column":14}},"type":"binary-expr","locations":[{"start":{"line":7,"column":8},"end":{"line":7,"column":9}},{"start":{"line":7,"column":13},"end":{"line":7,"column":14}}],"line":7},"2":{"loc":{"start":{"line":16,"column":4},"end":{"line":24,"column":5}},"type":"if","locations":[{"start":{"line":16,"column":4},"end":{"line":24,"column":5}},{"start":{"line":22,"column":11},"end":{"line":24,"column":5}}],"line":16},"3":{"loc":{"start":{"line":16,"column":8},"end":{"line":16,"column":14}},"type":"binary-expr","locations":[{"start":{"line":16,"column":8},"end":{"line":16,"column":9}},{"start":{"line":16,"column":13},"end":{"line":16,"column":14}}],"line":16},"4":{"loc":{"start":{"line":17,"column":6},"end":{"line":21,"column":7}},"type":"if","locations":[{"start":{"line":17,"column":6},"end":{"line":21,"column":7}},{"start":{"line":19,"column":13},"end":{"line":21,"column":7}}],"line":17},"5":{"loc":{"start":{"line":29,"column":4},"end":{"line":37,"column":5}},"type":"if","locations":[{"start":{"line":29,"column":4},"end":{"line":37,"column":5}},{"start":{"line":35,"column":11},"end":{"line":37,"column":5}}],"line":29},"6":{"loc":{"start":{"line":29,"column":8},"end":{"line":29,"column":14}},"type":"binary-expr","locations":[{"start":{"line":29,"column":8},"end":{"line":29,"column":9}},{"start":{"line":29,"column":13},"end":{"line":29,"column":14}}],"line":29},"7":{"loc":{"start":{"line":30,"column":6},"end":{"line":34,"column":7}},"type":"if","locations":[{"start":{"line":30,"column":6},"end":{"line":34,"column":7}},{"start":{"line":32,"column":13},"end":{"line":34,"column":7}}],"line":30},"8":{"loc":{"start":{"line":42,"column":4},"end":{"line":46,"column":5}},"type":"if","locations":[{"start":{"line":42,"column":4},"end":{"line":46,"column":5}},{"start":{"line":44,"column":11},"end":{"line":46,"column":5}}],"line":42},"9":{"loc":{"start":{"line":42,"column":8},"end":{"line":42,"column":14}},"type":"binary-expr","locations":[{"start":{"line":42,"column":8},"end":{"line":42,"column":9}},{"start":{"line":42,"column":13},"end":{"line":42,"column":14}}],"line":42}},"s":{"0":1,"1":5,"2":4,"3":1,"4":5,"5":5,"6":4,"7":1,"8":3,"9":1,"10":5,"11":5,"12":4,"13":1,"14":3,"15":1,"16":5,"17":5,"18":4,"19":1,"20":5,"21":4,"22":4,"23":1},"f":{"0":1,"1":5,"2":5,"3":5,"4":5,"5":4},"b":{"0":[4,1],"1":[5,5],"2":[4,1],"3":[5,5],"4":[1,3],"5":[4,1],"6":[5,5],"7":[1,3],"8":[4,1],"9":[5,5]},"_coverageSchema":"1a1c01bbd47fc00a2c39e90264f33305004495a9","hash":"4210bf2ff323648cb781639f2a0fc3365a2e4806"}
,"/Users/mavericks/repos/jest-demo/task4.js": {"path":"/Users/mavericks/repos/jest-demo/task4.js","statementMap":{"0":{"start":{"line":2,"column":2},"end":{"line":8,"column":3}},"1":{"start":{"line":3,"column":16},"end":{"line":3,"column":32}},"2":{"start":{"line":4,"column":4},"end":{"line":4,"column":34}},"3":{"start":{"line":5,"column":4},"end":{"line":5,"column":24}},"4":{"start":{"line":7,"column":4},"end":{"line":7,"column":44}},"5":{"start":{"line":11,"column":0},"end":{"line":11,"column":32}}},"fnMap":{"0":{"name":"capitalize","decl":{"start":{"line":1,"column":9},"end":{"line":1,"column":19}},"loc":{"start":{"line":1,"column":28},"end":{"line":9,"column":1}},"line":1}},"branchMap":{"0":{"loc":{"start":{"line":2,"column":2},"end":{"line":8,"column":3}},"type":"if","locations":[{"start":{"line":2,"column":2},"end":{"line":8,"column":3}},{"start":{"line":6,"column":9},"end":{"line":8,"column":3}}],"line":2}},"s":{"0":6,"1":5,"2":5,"3":5,"4":1,"5":1},"f":{"0":6},"b":{"0":[5,1]},"_coverageSchema":"1a1c01bbd47fc00a2c39e90264f33305004495a9","hash":"e387e5302fea62bc690fd69f4ba89a3a2e6cf5e8"}
}
