TN:
SF:task1.js
FN:1,stringLength
FNF:1
FNH:1
FNDA:7,stringLength
DA:2,7
DA:3,1
DA:4,6
DA:5,1
DA:7,5
DA:11,1
LF:6
LH:6
BRDA:2,0,0,1
BRDA:2,0,1,6
BRDA:4,1,0,1
BRDA:4,1,1,5
BRF:4
BRH:4
end_of_record
TN:
SF:task2.js
FN:1,reverseString
FNF:1
FNH:1
FNDA:6,reverseString
DA:2,6
DA:5,1
LF:2
LH:2
BRF:0
BRH:0
end_of_record
TN:
SF:task3.js
FN:2,(anonymous_0)
FN:6,(anonymous_1)
FN:15,(anonymous_2)
FN:28,(anonymous_3)
FN:41,(anonymous_4)
FN:50,(anonymous_5)
FNF:6
FNH:6
FNDA:1,(anonymous_0)
FNDA:5,(anonymous_1)
FNDA:5,(anonymous_2)
FNDA:5,(anonymous_3)
FNDA:5,(anonymous_4)
FNDA:4,(anonymous_5)
DA:3,1
DA:7,5
DA:8,4
DA:10,1
DA:12,5
DA:16,5
DA:17,4
DA:18,1
DA:20,3
DA:23,1
DA:25,5
DA:29,5
DA:30,4
DA:31,1
DA:33,3
DA:36,1
DA:38,5
DA:42,5
DA:43,4
DA:45,1
DA:47,5
DA:51,4
DA:52,4
DA:56,1
LF:24
LH:24
BRDA:7,0,0,4
BRDA:7,0,1,1
BRDA:7,1,0,5
BRDA:7,1,1,5
BRDA:16,2,0,4
BRDA:16,2,1,1
BRDA:16,3,0,5
BRDA:16,3,1,5
BRDA:17,4,0,1
BRDA:17,4,1,3
BRDA:29,5,0,4
BRDA:29,5,1,1
BRDA:29,6,0,5
BRDA:29,6,1,5
BRDA:30,7,0,1
BRDA:30,7,1,3
BRDA:42,8,0,4
BRDA:42,8,1,1
BRDA:42,9,0,5
BRDA:42,9,1,5
BRF:20
BRH:20
end_of_record
TN:
SF:task4.js
FN:1,capitalize
FNF:1
FNH:1
FNDA:5,capitalize
DA:2,5
DA:3,4
DA:4,4
DA:5,4
DA:7,1
DA:10,1
LF:6
LH:6
BRDA:2,0,0,4
BRDA:2,0,1,1
BRF:2
BRH:2
end_of_record
